<?xml version="1.0" encoding="UTF-8"?>
<!-- Generated by org.testng.reporters.JUnitReportReporter -->
<testsuite hostname="DESKTOP-3P927UJ" failures="0" tests="1" name="testCases.TC_002_LoginTest" time="4.177" errors="0" timestamp="2023-10-09T07:34:39 IST" skipped="0">
  <testcase classname="testCases.TC_002_LoginTest" name="test_login" time="4.177"/>
</testsuite> <!-- testCases.TC_002_LoginTest -->
