<?xml version="1.0" encoding="UTF-8"?>
<!-- Generated by org.testng.reporters.JUnitReportReporter -->
<testsuite hostname="DESKTOP-3P927UJ" failures="0" tests="1" name="testCases.TC_001_AccountRegistrationTest" time="6.289" errors="0" timestamp="2023-10-10T10:28:14 IST" skipped="0">
  <testcase classname="testCases.TC_001_AccountRegistrationTest" name="test_account_Registration" time="6.289"/>
</testsuite> <!-- testCases.TC_001_AccountRegistrationTest -->
